<?xml version="1.0" encoding="UTF-8"?>
<!-- Generated by org.testng.reporters.JUnitReportReporter -->
<testsuite hostname="LAPTOP-2BOEPIAK" name="TestScripts.AddProjectWithCreatedStatus" tests="1" failures="0" timestamp="17 Jan 2022 05:29:19 GMT" time="5.319" errors="0">
  <testcase name="addProjectWithCreatedStatus" time="5.319" classname="TestScripts.AddProjectWithCreatedStatus"/>
</testsuite> <!-- TestScripts.AddProjectWithCreatedStatus -->
