<?xml version="1.0" encoding="UTF-8"?>
<!-- Generated by org.testng.reporters.JUnitReportReporter -->
<testsuite hostname="LAPTOP-2BOEPIAK" name="practiceCRUDwithBDD.UpdateProjectWithBDD" tests="1" failures="0" timestamp="12 Jan 2022 06:40:44 GMT" time="2.817" errors="0">
  <testcase name="updateProject" time="2.817" classname="practiceCRUDwithBDD.UpdateProjectWithBDD"/>
</testsuite> <!-- practiceCRUDwithBDD.UpdateProjectWithBDD -->
