<?xml version="1.0" encoding="UTF-8"?>
<!-- Generated by org.testng.reporters.JUnitReportReporter -->
<testsuite hostname="LAPTOP-2BOEPIAK" name="parametersAndAuthentication.BarierToken" tests="1" failures="0" timestamp="13 Jan 2022 07:01:51 GMT" time="5.366" errors="0">
  <testcase name="basicAuth" time="5.366" classname="parametersAndAuthentication.BarierToken"/>
</testsuite> <!-- parametersAndAuthentication.BarierToken -->
