<?xml version="1.0" encoding="UTF-8"?>
<!-- Generated by org.testng.reporters.JUnitReportReporter -->
<testsuite hostname="LAPTOP-2BOEPIAK" name="responseValidation.StaticResponseValidation" tests="1" failures="0" timestamp="12 Jan 2022 10:50:10 GMT" time="4.772" errors="0">
  <testcase name="getAllProjectAndVerify" time="4.772" classname="responseValidation.StaticResponseValidation"/>
</testsuite> <!-- responseValidation.StaticResponseValidation -->
