<?xml version="1.0" encoding="UTF-8"?>
<!-- Generated by org.testng.reporters.JUnitReportReporter -->
<testsuite hostname="LAPTOP-2BOEPIAK" name="RequestChaining.Chaining" tests="1" failures="0" timestamp="13 Jan 2022 07:51:56 GMT" time="4.217" errors="0">
  <testcase name="chaining" time="4.217" classname="RequestChaining.Chaining"/>
</testsuite> <!-- RequestChaining.Chaining -->
