<?xml version="1.0" encoding="UTF-8"?>
<!-- Generated by org.testng.reporters.JUnitReportReporter -->
<testsuite hostname="LAPTOP-2BOEPIAK" name="parametersAndAuthentication.BasicAuth" tests="1" failures="0" timestamp="17 Jan 2022 19:10:32 GMT" time="2.956" errors="0">
  <testcase name="basicAuth" time="2.956" classname="parametersAndAuthentication.BasicAuth"/>
</testsuite> <!-- parametersAndAuthentication.BasicAuth -->
