<?xml version="1.0" encoding="UTF-8"?>
<!-- Generated by org.testng.reporters.JUnitReportReporter -->
<testsuite hostname="LAPTOP-2BOEPIAK" name="postRequestWays.CreateProjectUsingJSONFile" tests="1" failures="0" timestamp="12 Jan 2022 08:57:29 GMT" time="2.382" errors="0">
  <testcase name="createProjectUsingHashMap" time="2.382" classname="postRequestWays.CreateProjectUsingJSONFile"/>
</testsuite> <!-- postRequestWays.CreateProjectUsingJSONFile -->
