<?xml version="1.0" encoding="UTF-8"?>
<!-- Generated by org.testng.reporters.JUnitReportReporter -->
<testsuite hostname="LAPTOP-2BOEPIAK" name="parametersAndAuthentication.QueryParameters" tests="1" failures="0" timestamp="13 Jan 2022 04:59:47 GMT" time="6.783" errors="0">
  <testcase name="queryParameters" time="6.783" classname="parametersAndAuthentication.QueryParameters"/>
</testsuite> <!-- parametersAndAuthentication.QueryParameters -->
