<?xml version="1.0" encoding="UTF-8"?>
<!-- Generated by org.testng.reporters.JUnitReportReporter -->
<testsuite hostname="LAPTOP-2BOEPIAK" name="postRequestWays.CreateProjectUsingHashMap" tests="1" failures="0" timestamp="12 Jan 2022 08:41:35 GMT" time="2.454" errors="0">
  <testcase name="createProjectUsingHashMap" time="2.454" classname="postRequestWays.CreateProjectUsingHashMap"/>
</testsuite> <!-- postRequestWays.CreateProjectUsingHashMap -->
