<?xml version="1.0" encoding="UTF-8"?>
<!-- Generated by org.testng.reporters.JUnitReportReporter -->
<testsuite hostname="LAPTOP-2BOEPIAK" name="practiceCRUDwithBDD.DeleteProjectWithBDD" tests="1" failures="0" timestamp="13 Jan 2022 05:36:33 GMT" time="2.305" errors="0">
  <testcase name="deleteProjectWithBDD" time="2.305" classname="practiceCRUDwithBDD.DeleteProjectWithBDD"/>
</testsuite> <!-- practiceCRUDwithBDD.DeleteProjectWithBDD -->
