<?xml version="1.0" encoding="UTF-8"?>
<!-- Generated by org.testng.reporters.JUnitReportReporter -->
<testsuite hostname="LAPTOP-2BOEPIAK" name="TestScripts.AddProjectWithOnGoingStatus" tests="1" failures="0" timestamp="15 Jan 2022 07:02:23 GMT" time="5.147" errors="0">
  <testcase name="create" time="5.147" classname="TestScripts.AddProjectWithOnGoingStatus"/>
</testsuite> <!-- TestScripts.AddProjectWithOnGoingStatus -->
