<?xml version="1.0" encoding="UTF-8"?>
<!-- Generated by org.testng.reporters.JUnitReportReporter -->
<testsuite hostname="LAPTOP-2BOEPIAK" name="TestScripts.CreateUser" tests="1" failures="0" timestamp="15 Jan 2022 09:08:43 GMT" time="2.899" errors="0">
  <testcase name="createUser" time="2.899" classname="TestScripts.CreateUser"/>
</testsuite> <!-- TestScripts.CreateUser -->
