<?xml version="1.0" encoding="UTF-8"?>
<!-- Generated by org.testng.reporters.JUnitReportReporter -->
<testsuite hostname="LAPTOP-2BOEPIAK" name="responseValidation.DynamicResponseValidation" tests="1" failures="0" timestamp="12 Jan 2022 10:53:26 GMT" time="4.802" errors="0">
  <testcase name="dynamicvalidation" time="4.802" classname="responseValidation.DynamicResponseValidation"/>
</testsuite> <!-- responseValidation.DynamicResponseValidation -->
