<?xml version="1.0" encoding="UTF-8"?>
<!-- Generated by org.testng.reporters.JUnitReportReporter -->
<testsuite hostname="LAPTOP-2BOEPIAK" name="practiceCRUDwithoutBDD.GetSingleProject" tests="1" failures="0" timestamp="11 Jan 2022 18:56:13 GMT" time="2.757" errors="0">
  <testcase name="getAllProjects" time="2.757" classname="practiceCRUDwithoutBDD.GetSingleProject"/>
</testsuite> <!-- practiceCRUDwithoutBDD.GetSingleProject -->
