<?xml version="1.0" encoding="UTF-8"?>
<!-- Generated by org.testng.reporters.JUnitReportReporter -->
<testsuite hostname="LAPTOP-2BOEPIAK" name="TestScripts.CreateProject_And_AllocateUser" tests="1" failures="0" timestamp="15 Jan 2022 09:05:03 GMT" time="2.889" errors="0">
  <testcase name="createProject_And_AllocateUser" time="2.889" classname="TestScripts.CreateProject_And_AllocateUser"/>
</testsuite> <!-- TestScripts.CreateProject_And_AllocateUser -->
