<?xml version="1.0" encoding="UTF-8"?>
<!-- Generated by org.testng.reporters.JUnitReportReporter -->
<testsuite hostname="LAPTOP-2BOEPIAK" name="responseValidation.CreateResourceUsingMultipleData" tests="2" failures="0" timestamp="12 Jan 2022 11:59:22 GMT" time="2.551" errors="0">
  <testcase name="createResourceUsingMultipleData" time="2.510" classname="responseValidation.CreateResourceUsingMultipleData"/>
  <testcase name="createResourceUsingMultipleData" time="0.041" classname="responseValidation.CreateResourceUsingMultipleData"/>
</testsuite> <!-- responseValidation.CreateResourceUsingMultipleData -->
