<?xml version="1.0" encoding="UTF-8"?>
<!-- Generated by org.testng.reporters.JUnitReportReporter -->
<testsuite hostname="LAPTOP-2BOEPIAK" name="TestScripts.CreateResource" tests="1" failures="0" timestamp="15 Jan 2022 06:47:56 GMT" time="5.347" errors="0">
  <testcase name="create" time="5.347" classname="TestScripts.CreateResource"/>
</testsuite> <!-- TestScripts.CreateResource -->
