<?xml version="1.0" encoding="UTF-8"?>
<!-- Generated by org.testng.reporters.JUnitReportReporter -->
<testsuite hostname="LAPTOP-2BOEPIAK" name="practiceCRUDwithBDD.CreateProjectWithBDD" tests="1" failures="0" timestamp="12 Jan 2022 07:17:16 GMT" time="2.559" errors="0">
  <testcase name="createProject" time="2.559" classname="practiceCRUDwithBDD.CreateProjectWithBDD"/>
</testsuite> <!-- practiceCRUDwithBDD.CreateProjectWithBDD -->
