<?xml version="1.0" encoding="UTF-8"?>
<!-- Generated by org.testng.reporters.JUnitReportReporter -->
<testsuite hostname="LAPTOP-2BOEPIAK" name="practiceCRUDwithoutBDD.CreateProject" tests="1" failures="0" timestamp="11 Jan 2022 19:11:18 GMT" time="3.157" errors="0">
  <testcase name="createProject" time="3.157" classname="practiceCRUDwithoutBDD.CreateProject"/>
</testsuite> <!-- practiceCRUDwithoutBDD.CreateProject -->
