<?xml version="1.0" encoding="UTF-8"?>
<!-- Generated by org.testng.reporters.JUnitReportReporter -->
<testsuite hostname="LAPTOP-2BOEPIAK" name="practiceCRUDwithBDD.CreateUserWithBDD" tests="1" failures="0" timestamp="13 Jan 2022 06:02:37 GMT" time="3.004" errors="0">
  <testcase name="createUserWithBBD" time="3.004" classname="practiceCRUDwithBDD.CreateUserWithBDD"/>
</testsuite> <!-- practiceCRUDwithBDD.CreateUserWithBDD -->
