<?xml version="1.0" encoding="UTF-8"?>
<!-- Generated by org.testng.reporters.JUnitReportReporter -->
<testsuite hostname="LAPTOP-2BOEPIAK" name="practiceCRUDwithoutBDD.DeleteProject" tests="1" failures="0" timestamp="11 Jan 2022 19:13:50 GMT" time="2.161" errors="0">
  <testcase name="deleteProject" time="2.161" classname="practiceCRUDwithoutBDD.DeleteProject"/>
</testsuite> <!-- practiceCRUDwithoutBDD.DeleteProject -->
