<?xml version="1.0" encoding="UTF-8"?>
<!-- Generated by org.testng.reporters.JUnitReportReporter -->
<testsuite hostname="LAPTOP-2BOEPIAK" name="practiceCRUDwithBDD.GetAllProjectsWithBDD" tests="1" failures="0" timestamp="12 Jan 2022 10:45:50 GMT" time="4.067" errors="0">
  <testcase name="getAllProjects" time="4.067" classname="practiceCRUDwithBDD.GetAllProjectsWithBDD"/>
</testsuite> <!-- practiceCRUDwithBDD.GetAllProjectsWithBDD -->
