<?xml version="1.0" encoding="UTF-8"?>
<!-- Generated by org.testng.reporters.JUnitReportReporter -->
<testsuite hostname="LAPTOP-2BOEPIAK" name="postRequestWays.CreateProjectUsingPOJO" tests="1" failures="0" timestamp="12 Jan 2022 09:15:00 GMT" time="2.412" errors="0">
  <testcase name="createProjectUsingPOJO" time="2.412" classname="postRequestWays.CreateProjectUsingPOJO"/>
</testsuite> <!-- postRequestWays.CreateProjectUsingPOJO -->
