<?xml version="1.0" encoding="UTF-8"?>
<!-- Generated by org.testng.reporters.JUnitReportReporter -->
<testsuite hostname="LAPTOP-2BOEPIAK" name="parametersAndAuthentication.PathParameters" tests="1" failures="0" timestamp="13 Jan 2022 04:49:51 GMT" time="2.249" errors="0">
  <testcase name="pathParameters" time="2.249" classname="parametersAndAuthentication.PathParameters"/>
</testsuite> <!-- parametersAndAuthentication.PathParameters -->
