<?xml version="1.0" encoding="UTF-8"?>
<!-- Generated by org.testng.reporters.JUnitReportReporter -->
<testsuite hostname="LAPTOP-2BOEPIAK" name="practiceCRUDwithoutBDD.UpdateProject" tests="1" failures="0" timestamp="11 Jan 2022 19:33:38 GMT" time="3.102" errors="0">
  <testcase name="updateProject" time="3.102" classname="practiceCRUDwithoutBDD.UpdateProject"/>
</testsuite> <!-- practiceCRUDwithoutBDD.UpdateProject -->
