<?xml version="1.0" encoding="UTF-8"?>
<!-- Generated by org.testng.reporters.JUnitReportReporter -->
<testsuite hostname="LAPTOP-2BOEPIAK" name="RequestChaining.Chain_POSTandDELETE_User" tests="1" failures="0" timestamp="13 Jan 2022 08:04:30 GMT" time="5.085" errors="0">
  <testcase name="chain_POSTandDELETE_User" time="5.085" classname="RequestChaining.Chain_POSTandDELETE_User"/>
</testsuite> <!-- RequestChaining.Chain_POSTandDELETE_User -->
